Using pre-set license
Built from '2020.3/staging' branch; Version is '2020.3.8f1 (507919d4fff5) revision 5273881'; Using compiler version '192528614'; Build Type 'Release'
OS: 'Windows 10 Home; OS build 19042.985; Version 2009; 64bit' Language: 'en' Physical Memory: 16291 MB
BatchMode: 1, IsHumanControllingUs: 0, StartBugReporterOnCrash: 0, Is64bit: 1, IsPro: 0

 COMMAND LINE ARGUMENTS:
D:\2020.3.8f1\Editor\Unity.exe
-adb2
-batchMode
-noUpm
-name
AssetImportWorker0
-projectPath
C:/Users/D34thBoy T3kkai/Documents/GitHub/ArchitectureTeam5
-logFile
Logs/AssetImportWorker0.log
-srvPort
59407
Successfully changed project path to: C:/Users/D34thBoy T3kkai/Documents/GitHub/ArchitectureTeam5
C:/Users/D34thBoy T3kkai/Documents/GitHub/ArchitectureTeam5
Using Asset Import Pipeline V2.
Refreshing native plugins compatible for Editor in 47.81 ms, found 0 plugins.
Preloading 0 native plugins for Editor in 0.00 ms.
Initialize engine version: 2020.3.8f1 (507919d4fff5)
[Subsystems] Discovering subsystems at path D:/2020.3.8f1/Editor/Data/Resources/UnitySubsystems
[Subsystems] Discovering subsystems at path C:/Users/D34thBoy T3kkai/Documents/GitHub/ArchitectureTeam5/Assets
GfxDevice: creating device client; threaded=0
Direct3D:
    Version:  Direct3D 11.0 [level 11.1]
    Renderer: NVIDIA GeForce RTX 2060 (ID=0x1f15)
    Vendor:   
    VRAM:     5980 MB
    Driver:   27.21.14.5256
Shader 'Universal Render Pipeline/Particles/Lit': fallback shader 'Universal Render Pipeline/Particles/SimpleLit' not found
Initialize mono
Mono path[0] = 'D:/2020.3.8f1/Editor/Data/Managed'
Mono path[1] = 'D:/2020.3.8f1/Editor/Data/MonoBleedingEdge/lib/mono/unityjit'
Mono config path = 'D:/2020.3.8f1/Editor/Data/MonoBleedingEdge/etc'
Using monoOptions --debugger-agent=transport=dt_socket,embedding=1,server=y,suspend=n,address=127.0.0.1:56048
Begin MonoManager ReloadAssembly
Registering precompiled unity dll's ...
Register platform support module: D:/2020.3.8f1/Editor/Data/PlaybackEngines/WindowsStandaloneSupport/UnityEditor.WindowsStandalone.Extensions.dll
Registered in 0.000931 seconds.
Native extension for WindowsStandalone target not found
Refreshing native plugins compatible for Editor in 42.83 ms, found 0 plugins.
Preloading 0 native plugins for Editor in 0.00 ms.
Mono: successfully reloaded assembly
- Completed reload, in  1.008 seconds
Platform modules already initialized, skipping
Registering precompiled user dll's ...
Registered in 0.001929 seconds.
Begin MonoManager ReloadAssembly
Native extension for WindowsStandalone target not found
Refreshing native plugins compatible for Editor in 57.28 ms, found 0 plugins.
Preloading 0 native plugins for Editor in 0.00 ms.
Mono: successfully reloaded assembly
- Completed reload, in  1.055 seconds
Platform modules already initialized, skipping
========================================================================
Worker process is ready to serve import requests
Shader 'Universal Render Pipeline/Particles/Lit': fallback shader 'Universal Render Pipeline/Particles/SimpleLit' not found
Launched and connected shader compiler UnityShaderCompiler.exe after 0.13 seconds
Refreshing native plugins compatible for Editor in 0.81 ms, found 0 plugins.
Preloading 0 native plugins for Editor in 0.00 ms.
Unloading 2466 Unused Serialized files (Serialized files now loaded: 0)
System memory in use before: 131.1 MB.
System memory in use after: 131.4 MB.

Unloading 9 unused Assets to reduce memory usage. Loaded Objects now: 2931.
Total: 3.021800 ms (FindLiveObjects: 0.307800 ms CreateObjectMapping: 0.187300 ms MarkObjects: 2.498000 ms  DeleteObjects: 0.026900 ms)

========================================================================
Received Import Request.
  path: Assets/Models/eye_catcher_robert.fbx
  artifactKey: Guid(d3cab77bb09804941a8a8f1fbf043418) Importer(815301076,1909f56bfc062723c751e8b465ee728b)
Start importing Assets/Models/eye_catcher_robert.fbx using Guid(d3cab77bb09804941a8a8f1fbf043418) Importer(815301076,1909f56bfc062723c751e8b465ee728b)  -> (artifact id: '00aa11e9c9532d45851e5d8d8dd0621f') in 0.955511 seconds
  Import took 0.967950 seconds .

========================================================================
Received Import Request.
  Time since last request: 0.000293 seconds.
  path: Assets/Models/Robert_Bakker.fbx
  artifactKey: Guid(a264906c515541c40b649412904fe22d) Importer(815301076,1909f56bfc062723c751e8b465ee728b)
Start importing Assets/Models/Robert_Bakker.fbx using Guid(a264906c515541c40b649412904fe22d) Importer(815301076,1909f56bfc062723c751e8b465ee728b)  -> (artifact id: 'ce53f88ebb750d3c4909bb983a89b43c') in 0.302818 seconds
  Import took 0.314720 seconds .

========================================================================
Received Import Request.
  Time since last request: 0.000390 seconds.
  path: Assets/Models/Robert_huis_1.fbx
  artifactKey: Guid(8f0499547b24e7d43b6eef20162b613d) Importer(815301076,1909f56bfc062723c751e8b465ee728b)
Start importing Assets/Models/Robert_huis_1.fbx using Guid(8f0499547b24e7d43b6eef20162b613d) Importer(815301076,1909f56bfc062723c751e8b465ee728b)  -> (artifact id: 'b5dc8d36ab143e47385d411802fb4cac') in 0.216087 seconds
  Import took 0.221696 seconds .

========================================================================
Received Import Request.
  Time since last request: 0.000211 seconds.
  path: Assets/Models/Noble Claymore.fbx
  artifactKey: Guid(a0bf162f2b790a548a5e0a0b114aa991) Importer(815301076,1909f56bfc062723c751e8b465ee728b)
Start importing Assets/Models/Noble Claymore.fbx using Guid(a0bf162f2b790a548a5e0a0b114aa991) Importer(815301076,1909f56bfc062723c751e8b465ee728b)  -> (artifact id: 'fda6b4dd8630e4fd8de74bbfecb9921e') in 0.121884 seconds
  Import took 0.126696 seconds .

========================================================================
Received Import Request.
  Time since last request: 0.000212 seconds.
  path: Assets/Models
  artifactKey: Guid(837c31a261f3b8a4ebb003e57337560d) Importer(815301076,1909f56bfc062723c751e8b465ee728b)
Start importing Assets/Models using Guid(837c31a261f3b8a4ebb003e57337560d) Importer(815301076,1909f56bfc062723c751e8b465ee728b)  -> (artifact id: '5c30c18a4f21cd8db17f143689910136') in 0.007917 seconds
  Import took 0.012232 seconds .

========================================================================
Received Import Request.
  Time since last request: 0.000235 seconds.
  path: Assets/Models/House1.blend
  artifactKey: Guid(7bc458483ef06724791c165e5bbe13a7) Importer(815301076,1909f56bfc062723c751e8b465ee728b)
Start importing Assets/Models/House1.blend using Guid(7bc458483ef06724791c165e5bbe13a7) Importer(815301076,1909f56bfc062723c751e8b465ee728b)  -> (artifact id: 'b1787bdd52e209a1df44bfc2b74e6f30') in 2.170504 seconds
  Import took 2.178221 seconds .

AssetImportWorkerClient::OnTransportError - code=2 error=End of file
